<?xml version="1.0" encoding="UTF-8"?>
<testng-results ignored="0" total="1" passed="1" failed="0" skipped="0">
  <reporter-output>
  </reporter-output>
  <suite started-at="2021-07-26T13:17:23Z" name="Surefire suite" finished-at="2021-07-26T13:17:29Z" duration-ms="6151">
    <groups>
    </groups>
    <test started-at="2021-07-26T13:17:23Z" name="Surefire test" finished-at="2021-07-26T13:17:29Z" duration-ms="6151">
      <class name="correios.Automacao_SROTest">
        <test-method signature="SRO()[pri:0, instance:correios.Automacao_SROTest@188715b5]" started-at="2021-07-26T13:17:23Z" name="SRO" finished-at="2021-07-26T13:17:29Z" duration-ms="6132" status="PASS">
          <reporter-output>
          </reporter-output>
        </test-method> <!-- SRO -->
      </class> <!-- correios.Automacao_SROTest -->
    </test> <!-- Surefire test -->
  </suite> <!-- Surefire suite -->
</testng-results>
