<?xml version="1.0" encoding="UTF-8"?>
<testng-results ignored="0" total="1" passed="1" failed="0" skipped="0">
  <reporter-output>
  </reporter-output>
  <suite started-at="2021-07-16T14:36:01Z" name="Surefire suite" finished-at="2021-07-16T14:36:22Z" duration-ms="20630">
    <groups>
    </groups>
    <test started-at="2021-07-16T14:36:01Z" name="Surefire test" finished-at="2021-07-16T14:36:22Z" duration-ms="20630">
      <class name="scs_ibm.siginTest">
        <test-method signature="buttontest()[pri:0, instance:scs_ibm.siginTest@188715b5]" started-at="2021-07-16T14:36:01Z" name="buttontest" finished-at="2021-07-16T14:36:22Z" duration-ms="20594" status="PASS">
          <reporter-output>
          </reporter-output>
        </test-method> <!-- buttontest -->
      </class> <!-- scs_ibm.siginTest -->
    </test> <!-- Surefire test -->
  </suite> <!-- Surefire suite -->
</testng-results>
