<?xml version="1.0" encoding="UTF-8"?>
<testng-results ignored="0" total="1" passed="1" failed="0" skipped="0">
  <reporter-output>
  </reporter-output>
  <suite started-at="2021-08-05T11:39:18Z" name="Surefire suite" finished-at="2021-08-05T11:39:37Z" duration-ms="19157">
    <groups>
    </groups>
    <test started-at="2021-08-05T11:39:18Z" name="Surefire test" finished-at="2021-08-05T11:39:37Z" duration-ms="19157">
      <class name="com.uninter.univirtus.UnivirtusLoginTest">
        <test-method signature="loginTest()[pri:0, instance:com.uninter.univirtus.UnivirtusLoginTest@402bba4f]" started-at="2021-08-05T11:39:18Z" name="loginTest" finished-at="2021-08-05T11:39:37Z" duration-ms="19141" status="PASS">
          <reporter-output>
          </reporter-output>
        </test-method> <!-- loginTest -->
      </class> <!-- com.uninter.univirtus.UnivirtusLoginTest -->
    </test> <!-- Surefire test -->
  </suite> <!-- Surefire suite -->
</testng-results>
