<?xml version="1.0" encoding="UTF-8"?>
<testng-results ignored="0" total="1" passed="1" failed="0" skipped="0">
  <reporter-output>
  </reporter-output>
  <suite started-at="2021-07-12T14:45:31Z" name="Surefire suite" finished-at="2021-07-12T14:45:44Z" duration-ms="12987">
    <groups>
    </groups>
    <test started-at="2021-07-12T14:45:31Z" name="Surefire test" finished-at="2021-07-12T14:45:44Z" duration-ms="12987">
      <class name="com.google.com.SearchTest">
        <test-method signature="searchTest()[pri:0, instance:com.google.com.SearchTest@188715b5]" started-at="2021-07-12T14:45:31Z" name="searchTest" finished-at="2021-07-12T14:45:44Z" duration-ms="12967" status="PASS">
          <reporter-output>
          </reporter-output>
        </test-method> <!-- searchTest -->
      </class> <!-- com.google.com.SearchTest -->
    </test> <!-- Surefire test -->
  </suite> <!-- Surefire suite -->
</testng-results>
